<?xml version="1.0" encoding="UTF-8"?>
<!-- Generated by org.testng.reporters.JUnitReportReporter -->
<testsuite skipped="0" hostname="DESKTOP-4HL2E0U" name="runner.CucumberRunner" tests="1" failures="0" timestamp="15 Dec 2020 06:44:00 GMT" time="12.162" errors="0">
  <testcase name="runScenario" time="12.162" classname="runner.CucumberRunner"/>
</testsuite> <!-- runner.CucumberRunner -->
